[2026-06-20T04:24:45.971Z] [info] %cDownload the React DevTools for a better development experience: https://reactjs.org/link/react-devtools font-weight:bold
[2026-06-20T04:27:46.079Z] [info] %cDownload the React DevTools for a better development experience: https://react.dev/link/react-devtools font-weight:bold
[2026-06-20T04:27:46.112Z] [log] [HMR] connected
[2026-06-20T04:27:46.243Z] [log] [Fast Refresh] rebuilding
[2026-06-20T04:27:46.347Z] [log] [Fast Refresh] done in 204ms
[2026-06-20T04:28:01.803Z] [info] %cDownload the React DevTools for a better development experience: https://react.dev/link/react-devtools font-weight:bold
[2026-06-20T04:28:01.813Z] [log] [HMR] connected
[2026-06-20T04:28:34.606Z] [info] %cDownload the React DevTools for a better development experience: https://react.dev/link/react-devtools font-weight:bold
[2026-06-20T04:28:34.611Z] [log] [HMR] connected
[2026-06-20T04:29:00.889Z] [info] %cDownload the React DevTools for a better development experience: https://react.dev/link/react-devtools font-weight:bold
[2026-06-20T04:29:00.896Z] [log] [HMR] connected
[2026-06-20T04:30:18.684Z] [log] [Fast Refresh] rebuilding
[2026-06-20T04:30:18.707Z] [log] [Fast Refresh] done in 51ms
[2026-06-20T04:30:25.846Z] [info] %cDownload the React DevTools for a better development experience: https://react.dev/link/react-devtools font-weight:bold
[2026-06-20T04:30:25.869Z] [log] [HMR] connected
[2026-06-20T04:30:25.881Z] [error] Encountered a script tag while rendering React component. Scripts inside React components are never executed when rendering on the client. Consider using template tag instead (https://developer.mozilla.org/en-US/docs/Web/HTML/Element/template).
[2026-06-20T04:30:25.947Z] [error] Failed to load resource: the server responded with a status of 404 (Not Found)
[2026-06-20T04:30:25.947Z] [error] Failed to load resource: the server responded with a status of 404 (Not Found)
[2026-06-20T04:30:25.976Z] [error] Failed to load resource: the server responded with a status of 404 (Not Found)
[2026-06-20T04:30:25.976Z] [error] Failed to load resource: the server responded with a status of 404 (Not Found)
[2026-06-20T04:30:25.976Z] [error] Failed to load resource: the server responded with a status of 404 (Not Found)
[2026-06-20T04:30:25.976Z] [error] Failed to load resource: the server responded with a status of 404 (Not Found)
[2026-06-20T04:30:25.985Z] [error] Failed to load resource: the server responded with a status of 404 (Not Found)
[2026-06-20T04:30:25.985Z] [error] Failed to load resource: the server responded with a status of 404 (Not Found)
[2026-06-20T04:30:25.986Z] [error] Failed to load resource: the server responded with a status of 404 (Not Found)
[2026-06-20T04:30:26.321Z] [warning] THREE.Clock: This module has been deprecated. Please use THREE.Timer instead.
[2026-06-20T04:30:26.324Z] [error] THREE.WebGLRenderer: A WebGL context could not be created. Reason:  Could not create a WebGL context, VENDOR = 0xffff, DEVICE = 0xffff, GL_VENDOR = Google Inc. (Google), GL_RENDERER = ANGLE (Google, Vulkan 1.3.0 (SwiftShader Device (LLVM 10.0.0) (0x0000C0DE)), SwiftShader driver-5.0.0), GL_VERSION = 5.0.0, Sandboxed = yes, Optimus = no, AMD switchable = no, Reset notification strategy = 0x8252, ErrorMessage = BindToCurrentSequence failed: .
[2026-06-20T04:30:26.325Z] [error] THREE.WebGLRenderer: A WebGL context could not be created. Reason:  Could not create a WebGL context, VENDOR = 0xffff, DEVICE = 0xffff, GL_VENDOR = Google Inc. (Google), GL_RENDERER = ANGLE (Google, Vulkan 1.3.0 (SwiftShader Device (LLVM 10.0.0) (0x0000C0DE)), SwiftShader driver-5.0.0), GL_VERSION = 5.0.0, Sandboxed = yes, Optimus = no, AMD switchable = no, Reset notification strategy = 0x8252, ErrorMessage = BindToCurrentSequence failed: .
[2026-06-20T04:30:26.325Z] [error] THREE.WebGLRenderer: Error creating WebGL context.
[2026-06-20T04:30:40.961Z] [error] Failed to load resource: the server responded with a status of 404 (Not Found)
[2026-06-20T04:30:40.961Z] [error] Failed to load resource: the server responded with a status of 404 (Not Found)
[2026-06-20T04:30:40.963Z] [error] THREE.WebGLRenderer: A WebGL context could not be created. Reason:  Could not create a WebGL context, VENDOR = 0xffff, DEVICE = 0xffff, GL_VENDOR = Google Inc. (Google), GL_RENDERER = ANGLE (Google, Vulkan 1.3.0 (SwiftShader Device (LLVM 10.0.0) (0x0000C0DE)), SwiftShader driver-5.0.0), GL_VERSION = 5.0.0, Sandboxed = yes, Optimus = no, AMD switchable = no, Reset notification strategy = 0x8252, ErrorMessage = BindToCurrentSequence failed: .
[2026-06-20T04:30:40.963Z] [error] THREE.WebGLRenderer: A WebGL context could not be created. Reason:  Could not create a WebGL context, VENDOR = 0xffff, DEVICE = 0xffff, GL_VENDOR = Google Inc. (Google), GL_RENDERER = ANGLE (Google, Vulkan 1.3.0 (SwiftShader Device (LLVM 10.0.0) (0x0000C0DE)), SwiftShader driver-5.0.0), GL_VERSION = 5.0.0, Sandboxed = yes, Optimus = no, AMD switchable = no, Reset notification strategy = 0x8252, ErrorMessage = BindToCurrentSequence failed: .
[2026-06-20T04:30:40.963Z] [error] THREE.WebGLRenderer: A WebGL context could not be created. Reason:  Could not create a WebGL context, VENDOR = 0xffff, DEVICE = 0xffff, GL_VENDOR = Google Inc. (Google), GL_RENDERER = ANGLE (Google, Vulkan 1.3.0 (SwiftShader Device (LLVM 10.0.0) (0x0000C0DE)), SwiftShader driver-5.0.0), GL_VERSION = 5.0.0, Sandboxed = yes, Optimus = no, AMD switchable = no, Reset notification strategy = 0x8252, ErrorMessage = BindToCurrentSequence failed: .
[2026-06-20T04:30:40.964Z] [error] THREE.WebGLRenderer: A WebGL context could not be created. Reason:  Could not create a WebGL context, VENDOR = 0xffff, DEVICE = 0xffff, GL_VENDOR = Google Inc. (Google), GL_RENDERER = ANGLE (Google, Vulkan 1.3.0 (SwiftShader Device (LLVM 10.0.0) (0x0000C0DE)), SwiftShader driver-5.0.0), GL_VERSION = 5.0.0, Sandboxed = yes, Optimus = no, AMD switchable = no, Reset notification strategy = 0x8252, ErrorMessage = BindToCurrentSequence failed: .
[2026-06-20T04:30:40.964Z] [error] THREE.WebGLRenderer: Error creating WebGL context.
[2026-06-20T04:30:55.929Z] [error] Failed to load resource: the server responded with a status of 404 (Not Found)
[2026-06-20T04:30:55.959Z] [error] Failed to load resource: the server responded with a status of 404 (Not Found)
[2026-06-20T04:30:55.959Z] [error] Failed to load resource: the server responded with a status of 404 (Not Found)
[2026-06-20T04:30:55.959Z] [error] Failed to load resource: the server responded with a status of 404 (Not Found)
[2026-06-20T04:30:55.962Z] [error] THREE.WebGLRenderer: A WebGL context could not be created. Reason:  Could not create a WebGL context, VENDOR = 0xffff, DEVICE = 0xffff, GL_VENDOR = Google Inc. (Google), GL_RENDERER = ANGLE (Google, Vulkan 1.3.0 (SwiftShader Device (LLVM 10.0.0) (0x0000C0DE)), SwiftShader driver-5.0.0), GL_VERSION = 5.0.0, Sandboxed = yes, Optimus = no, AMD switchable = no, Reset notification strategy = 0x8252, ErrorMessage = BindToCurrentSequence failed: .
[2026-06-20T04:30:55.963Z] [error] THREE.WebGLRenderer: A WebGL context could not be created. Reason:  Could not create a WebGL context, VENDOR = 0xffff, DEVICE = 0xffff, GL_VENDOR = Google Inc. (Google), GL_RENDERER = ANGLE (Google, Vulkan 1.3.0 (SwiftShader Device (LLVM 10.0.0) (0x0000C0DE)), SwiftShader driver-5.0.0), GL_VERSION = 5.0.0, Sandboxed = yes, Optimus = no, AMD switchable = no, Reset notification strategy = 0x8252, ErrorMessage = BindToCurrentSequence failed: .
[2026-06-20T04:30:55.963Z] [error] THREE.WebGLRenderer: A WebGL context could not be created. Reason:  Could not create a WebGL context, VENDOR = 0xffff, DEVICE = 0xffff, GL_VENDOR = Google Inc. (Google), GL_RENDERER = ANGLE (Google, Vulkan 1.3.0 (SwiftShader Device (LLVM 10.0.0) (0x0000C0DE)), SwiftShader driver-5.0.0), GL_VERSION = 5.0.0, Sandboxed = yes, Optimus = no, AMD switchable = no, Reset notification strategy = 0x8252, ErrorMessage = BindToCurrentSequence failed: .
[2026-06-20T04:30:55.963Z] [error] THREE.WebGLRenderer: A WebGL context could not be created. Reason:  Could not create a WebGL context, VENDOR = 0xffff, DEVICE = 0xffff, GL_VENDOR = Google Inc. (Google), GL_RENDERER = ANGLE (Google, Vulkan 1.3.0 (SwiftShader Device (LLVM 10.0.0) (0x0000C0DE)), SwiftShader driver-5.0.0), GL_VERSION = 5.0.0, Sandboxed = yes, Optimus = no, AMD switchable = no, Reset notification strategy = 0x8252, ErrorMessage = BindToCurrentSequence failed: .
[2026-06-20T04:30:55.963Z] [error] THREE.WebGLRenderer: A WebGL context could not be created. Reason:  Could not create a WebGL context, VENDOR = 0xffff, DEVICE = 0xffff, GL_VENDOR = Google Inc. (Google), GL_RENDERER = ANGLE (Google, Vulkan 1.3.0 (SwiftShader Device (LLVM 10.0.0) (0x0000C0DE)), SwiftShader driver-5.0.0), GL_VERSION = 5.0.0, Sandboxed = yes, Optimus = no, AMD switchable = no, Reset notification strategy = 0x8252, ErrorMessage = BindToCurrentSequence failed: .
[2026-06-20T04:30:55.963Z] [error] THREE.WebGLRenderer: A WebGL context could not be created. Reason:  Could not create a WebGL context, VENDOR = 0xffff, DEVICE = 0xffff, GL_VENDOR = Google Inc. (Google), GL_RENDERER = ANGLE (Google, Vulkan 1.3.0 (SwiftShader Device (LLVM 10.0.0) (0x0000C0DE)), SwiftShader driver-5.0.0), GL_VERSION = 5.0.0, Sandboxed = yes, Optimus = no, AMD switchable = no, Reset notification strategy = 0x8252, ErrorMessage = BindToCurrentSequence failed: .
[2026-06-20T04:30:55.964Z] [error] THREE.WebGLRenderer: Error creating WebGL context.
[2026-06-20T04:31:10.958Z] [error] Failed to load resource: the server responded with a status of 404 (Not Found)
[2026-06-20T04:31:10.959Z] [error] Failed to load resource: the server responded with a status of 404 (Not Found)
[2026-06-20T04:31:10.961Z] [error] THREE.WebGLRenderer: A WebGL context could not be created. Reason:  Could not create a WebGL context, VENDOR = 0xffff, DEVICE = 0xffff, GL_VENDOR = Google Inc. (Google), GL_RENDERER = ANGLE (Google, Vulkan 1.3.0 (SwiftShader Device (LLVM 10.0.0) (0x0000C0DE)), SwiftShader driver-5.0.0), GL_VERSION = 5.0.0, Sandboxed = yes, Optimus = no, AMD switchable = no, Reset notification strategy = 0x8252, ErrorMessage = BindToCurrentSequence failed: .
[2026-06-20T04:31:10.961Z] [error] THREE.WebGLRenderer: A WebGL context could not be created. Reason:  Could not create a WebGL context, VENDOR = 0xffff, DEVICE = 0xffff, GL_VENDOR = Google Inc. (Google), GL_RENDERER = ANGLE (Google, Vulkan 1.3.0 (SwiftShader Device (LLVM 10.0.0) (0x0000C0DE)), SwiftShader driver-5.0.0), GL_VERSION = 5.0.0, Sandboxed = yes, Optimus = no, AMD switchable = no, Reset notification strategy = 0x8252, ErrorMessage = BindToCurrentSequence failed: .
[2026-06-20T04:31:10.962Z] [error] THREE.WebGLRenderer: A WebGL context could not be created. Reason:  Could not create a WebGL context, VENDOR = 0xffff, DEVICE = 0xffff, GL_VENDOR = Google Inc. (Google), GL_RENDERER = ANGLE (Google, Vulkan 1.3.0 (SwiftShader Device (LLVM 10.0.0) (0x0000C0DE)), SwiftShader driver-5.0.0), GL_VERSION = 5.0.0, Sandboxed = yes, Optimus = no, AMD switchable = no, Reset notification strategy = 0x8252, ErrorMessage = BindToCurrentSequence failed: .
[2026-06-20T04:31:10.962Z] [error] THREE.WebGLRenderer: A WebGL context could not be created. Reason:  Could not create a WebGL context, VENDOR = 0xffff, DEVICE = 0xffff, GL_VENDOR = Google Inc. (Google), GL_RENDERER = ANGLE (Google, Vulkan 1.3.0 (SwiftShader Device (LLVM 10.0.0) (0x0000C0DE)), SwiftShader driver-5.0.0), GL_VERSION = 5.0.0, Sandboxed = yes, Optimus = no, AMD switchable = no, Reset notification strategy = 0x8252, ErrorMessage = BindToCurrentSequence failed: .
[2026-06-20T04:31:10.962Z] [error] THREE.WebGLRenderer: A WebGL context could not be created. Reason:  Could not create a WebGL context, VENDOR = 0xffff, DEVICE = 0xffff, GL_VENDOR = Google Inc. (Google), GL_RENDERER = ANGLE (Google, Vulkan 1.3.0 (SwiftShader Device (LLVM 10.0.0) (0x0000C0DE)), SwiftShader driver-5.0.0), GL_VERSION = 5.0.0, Sandboxed = yes, Optimus = no, AMD switchable = no, Reset notification strategy = 0x8252, ErrorMessage = BindToCurrentSequence failed: .
[2026-06-20T04:31:10.963Z] [error] THREE.WebGLRenderer: A WebGL context could not be created. Reason:  Could not create a WebGL context, VENDOR = 0xffff, DEVICE = 0xffff, GL_VENDOR = Google Inc. (Google), GL_RENDERER = ANGLE (Google, Vulkan 1.3.0 (SwiftShader Device (LLVM 10.0.0) (0x0000C0DE)), SwiftShader driver-5.0.0), GL_VERSION = 5.0.0, Sandboxed = yes, Optimus = no, AMD switchable = no, Reset notification strategy = 0x8252, ErrorMessage = BindToCurrentSequence failed: .
[2026-06-20T04:31:10.963Z] [error] THREE.WebGLRenderer: A WebGL context could not be created. Reason:  Could not create a WebGL context, VENDOR = 0xffff, DEVICE = 0xffff, GL_VENDOR = Google Inc. (Google), GL_RENDERER = ANGLE (Google, Vulkan 1.3.0 (SwiftShader Device (LLVM 10.0.0) (0x0000C0DE)), SwiftShader driver-5.0.0), GL_VERSION = 5.0.0, Sandboxed = yes, Optimus = no, AMD switchable = no, Reset notification strategy = 0x8252, ErrorMessage = BindToCurrentSequence failed: .
[2026-06-20T04:31:10.963Z] [error] THREE.WebGLRenderer: A WebGL context could not be created. Reason:  Could not create a WebGL context, VENDOR = 0xffff, DEVICE = 0xffff, GL_VENDOR = Google Inc. (Google), GL_RENDERER = ANGLE (Google, Vulkan 1.3.0 (SwiftShader Device (LLVM 10.0.0) (0x0000C0DE)), SwiftShader driver-5.0.0), GL_VERSION = 5.0.0, Sandboxed = yes, Optimus = no, AMD switchable = no, Reset notification strategy = 0x8252, ErrorMessage = BindToCurrentSequence failed: .
[2026-06-20T04:31:10.964Z] [error] THREE.WebGLRenderer: Error creating WebGL context.
[2026-06-20T04:31:14.972Z] [log] [Fast Refresh] rebuilding
[2026-06-20T04:31:15.116Z] [info] %cDownload the React DevTools for a better development experience: https://react.dev/link/react-devtools font-weight:bold
[2026-06-20T04:31:15.122Z] [log] [HMR] connected
[2026-06-20T04:31:15.131Z] [error] Encountered a script tag while rendering React component. Scripts inside React components are never executed when rendering on the client. Consider using template tag instead (https://developer.mozilla.org/en-US/docs/Web/HTML/Element/template).
[2026-06-20T04:31:15.192Z] [error] Failed to load resource: the server responded with a status of 404 (Not Found)
[2026-06-20T04:31:15.192Z] [error] Failed to load resource: the server responded with a status of 404 (Not Found)
[2026-06-20T04:31:15.193Z] [error] Failed to load resource: the server responded with a status of 404 (Not Found)
[2026-06-20T04:31:15.193Z] [error] Failed to load resource: the server responded with a status of 404 (Not Found)
[2026-06-20T04:31:23.930Z] [log] [Fast Refresh] rebuilding
[2026-06-20T04:31:24.042Z] [info] %cDownload the React DevTools for a better development experience: https://react.dev/link/react-devtools font-weight:bold
[2026-06-20T04:31:24.047Z] [log] [HMR] connected
[2026-06-20T04:31:24.055Z] [error] Encountered a script tag while rendering React component. Scripts inside React components are never executed when rendering on the client. Consider using template tag instead (https://developer.mozilla.org/en-US/docs/Web/HTML/Element/template).
[2026-06-20T04:31:24.075Z] [error] Failed to load resource: the server responded with a status of 404 (Not Found)
[2026-06-20T04:31:24.075Z] [error] Failed to load resource: the server responded with a status of 404 (Not Found)
[2026-06-20T04:31:24.099Z] [error] Failed to load resource: the server responded with a status of 404 (Not Found)
[2026-06-20T04:31:24.099Z] [error] Failed to load resource: the server responded with a status of 404 (Not Found)
[2026-06-20T04:31:26.270Z] [log] [Fast Refresh] rebuilding
[2026-06-20T04:31:26.394Z] [info] %cDownload the React DevTools for a better development experience: https://react.dev/link/react-devtools font-weight:bold
[2026-06-20T04:31:26.401Z] [log] [HMR] connected
[2026-06-20T04:31:26.406Z] [error] Encountered a script tag while rendering React component. Scripts inside React components are never executed when rendering on the client. Consider using template tag instead (https://developer.mozilla.org/en-US/docs/Web/HTML/Element/template).
[2026-06-20T04:31:26.450Z] [error] Failed to load resource: the server responded with a status of 404 (Not Found)
[2026-06-20T04:31:26.450Z] [error] Failed to load resource: the server responded with a status of 404 (Not Found)
[2026-06-20T04:31:26.450Z] [error] Failed to load resource: the server responded with a status of 404 (Not Found)
[2026-06-20T04:31:26.450Z] [error] Failed to load resource: the server responded with a status of 404 (Not Found)
[2026-06-20T04:31:48.539Z] [info] %cDownload the React DevTools for a better development experience: https://react.dev/link/react-devtools font-weight:bold
[2026-06-20T04:31:48.554Z] [log] [HMR] connected
[2026-06-20T04:31:48.577Z] [error] Encountered a script tag while rendering React component. Scripts inside React components are never executed when rendering on the client. Consider using template tag instead (https://developer.mozilla.org/en-US/docs/Web/HTML/Element/template).
[2026-06-20T04:31:48.609Z] [error] Failed to load resource: the server responded with a status of 404 (Not Found)
[2026-06-20T04:31:48.609Z] [error] Failed to load resource: the server responded with a status of 404 (Not Found)
[2026-06-20T04:31:48.616Z] [error] Failed to load resource: the server responded with a status of 404 (Not Found)
[2026-06-20T04:31:48.616Z] [error] Failed to load resource: the server responded with a status of 404 (Not Found)
[2026-06-20T04:31:48.616Z] [error] Failed to load resource: the server responded with a status of 404 (Not Found)
[2026-06-20T04:31:48.616Z] [error] Failed to load resource: the server responded with a status of 404 (Not Found)
[2026-06-20T04:31:48.620Z] [error] Failed to load resource: the server responded with a status of 404 (Not Found)
[2026-06-20T04:31:48.620Z] [error] Failed to load resource: the server responded with a status of 404 (Not Found)
[2026-06-20T04:31:48.633Z] [error] Failed to load resource: the server responded with a status of 404 (Not Found)
[2026-06-20T04:31:48.974Z] [warning] THREE.Clock: This module has been deprecated. Please use THREE.Timer instead.
[2026-06-20T04:31:48.975Z] [error] THREE.WebGLRenderer: A WebGL context could not be created. Reason:  Could not create a WebGL context, VENDOR = 0xffff, DEVICE = 0xffff, GL_VENDOR = Google Inc. (Google), GL_RENDERER = ANGLE (Google, Vulkan 1.3.0 (SwiftShader Device (LLVM 10.0.0) (0x0000C0DE)), SwiftShader driver-5.0.0), GL_VERSION = 5.0.0, Sandboxed = yes, Optimus = no, AMD switchable = no, Reset notification strategy = 0x8252, ErrorMessage = BindToCurrentSequence failed: .
[2026-06-20T04:31:48.976Z] [error] THREE.WebGLRenderer: A WebGL context could not be created. Reason:  Could not create a WebGL context, VENDOR = 0xffff, DEVICE = 0xffff, GL_VENDOR = Google Inc. (Google), GL_RENDERER = ANGLE (Google, Vulkan 1.3.0 (SwiftShader Device (LLVM 10.0.0) (0x0000C0DE)), SwiftShader driver-5.0.0), GL_VERSION = 5.0.0, Sandboxed = yes, Optimus = no, AMD switchable = no, Reset notification strategy = 0x8252, ErrorMessage = BindToCurrentSequence failed: .
[2026-06-20T04:31:48.976Z] [error] THREE.WebGLRenderer: Error creating WebGL context.
[2026-06-20T04:32:03.611Z] [error] Failed to load resource: the server responded with a status of 404 (Not Found)
[2026-06-20T04:32:03.614Z] [error] THREE.WebGLRenderer: A WebGL context could not be created. Reason:  Could not create a WebGL context, VENDOR = 0xffff, DEVICE = 0xffff, GL_VENDOR = Google Inc. (Google), GL_RENDERER = ANGLE (Google, Vulkan 1.3.0 (SwiftShader Device (LLVM 10.0.0) (0x0000C0DE)), SwiftShader driver-5.0.0), GL_VERSION = 5.0.0, Sandboxed = yes, Optimus = no, AMD switchable = no, Reset notification strategy = 0x8252, ErrorMessage = BindToCurrentSequence failed: .
[2026-06-20T04:32:03.614Z] [error] THREE.WebGLRenderer: A WebGL context could not be created. Reason:  Could not create a WebGL context, VENDOR = 0xffff, DEVICE = 0xffff, GL_VENDOR = Google Inc. (Google), GL_RENDERER = ANGLE (Google, Vulkan 1.3.0 (SwiftShader Device (LLVM 10.0.0) (0x0000C0DE)), SwiftShader driver-5.0.0), GL_VERSION = 5.0.0, Sandboxed = yes, Optimus = no, AMD switchable = no, Reset notification strategy = 0x8252, ErrorMessage = BindToCurrentSequence failed: .
[2026-06-20T04:32:03.615Z] [error] THREE.WebGLRenderer: A WebGL context could not be created. Reason:  Could not create a WebGL context, VENDOR = 0xffff, DEVICE = 0xffff, GL_VENDOR = Google Inc. (Google), GL_RENDERER = ANGLE (Google, Vulkan 1.3.0 (SwiftShader Device (LLVM 10.0.0) (0x0000C0DE)), SwiftShader driver-5.0.0), GL_VERSION = 5.0.0, Sandboxed = yes, Optimus = no, AMD switchable = no, Reset notification strategy = 0x8252, ErrorMessage = BindToCurrentSequence failed: .
[2026-06-20T04:32:03.615Z] [error] THREE.WebGLRenderer: A WebGL context could not be created. Reason:  Could not create a WebGL context, VENDOR = 0xffff, DEVICE = 0xffff, GL_VENDOR = Google Inc. (Google), GL_RENDERER = ANGLE (Google, Vulkan 1.3.0 (SwiftShader Device (LLVM 10.0.0) (0x0000C0DE)), SwiftShader driver-5.0.0), GL_VERSION = 5.0.0, Sandboxed = yes, Optimus = no, AMD switchable = no, Reset notification strategy = 0x8252, ErrorMessage = BindToCurrentSequence failed: .
[2026-06-20T04:32:03.616Z] [error] THREE.WebGLRenderer: Error creating WebGL context.
[2026-06-20T04:32:03.618Z] [error] Failed to load resource: the server responded with a status of 404 (Not Found)
[2026-06-20T04:32:18.598Z] [error] Failed to load resource: the server responded with a status of 404 (Not Found)
[2026-06-20T04:32:18.607Z] [error] Failed to load resource: the server responded with a status of 404 (Not Found)
[2026-06-20T04:32:18.608Z] [error] Failed to load resource: the server responded with a status of 404 (Not Found)
[2026-06-20T04:32:18.610Z] [error] THREE.WebGLRenderer: A WebGL context could not be created. Reason:  Could not create a WebGL context, VENDOR = 0xffff, DEVICE = 0xffff, GL_VENDOR = Google Inc. (Google), GL_RENDERER = ANGLE (Google, Vulkan 1.3.0 (SwiftShader Device (LLVM 10.0.0) (0x0000C0DE)), SwiftShader driver-5.0.0), GL_VERSION = 5.0.0, Sandboxed = yes, Optimus = no, AMD switchable = no, Reset notification strategy = 0x8252, ErrorMessage = BindToCurrentSequence failed: .
[2026-06-20T04:32:18.611Z] [error] THREE.WebGLRenderer: A WebGL context could not be created. Reason:  Could not create a WebGL context, VENDOR = 0xffff, DEVICE = 0xffff, GL_VENDOR = Google Inc. (Google), GL_RENDERER = ANGLE (Google, Vulkan 1.3.0 (SwiftShader Device (LLVM 10.0.0) (0x0000C0DE)), SwiftShader driver-5.0.0), GL_VERSION = 5.0.0, Sandboxed = yes, Optimus = no, AMD switchable = no, Reset notification strategy = 0x8252, ErrorMessage = BindToCurrentSequence failed: .
[2026-06-20T04:32:18.611Z] [error] THREE.WebGLRenderer: A WebGL context could not be created. Reason:  Could not create a WebGL context, VENDOR = 0xffff, DEVICE = 0xffff, GL_VENDOR = Google Inc. (Google), GL_RENDERER = ANGLE (Google, Vulkan 1.3.0 (SwiftShader Device (LLVM 10.0.0) (0x0000C0DE)), SwiftShader driver-5.0.0), GL_VERSION = 5.0.0, Sandboxed = yes, Optimus = no, AMD switchable = no, Reset notification strategy = 0x8252, ErrorMessage = BindToCurrentSequence failed: .
[2026-06-20T04:32:18.612Z] [error] THREE.WebGLRenderer: A WebGL context could not be created. Reason:  Could not create a WebGL context, VENDOR = 0xffff, DEVICE = 0xffff, GL_VENDOR = Google Inc. (Google), GL_RENDERER = ANGLE (Google, Vulkan 1.3.0 (SwiftShader Device (LLVM 10.0.0) (0x0000C0DE)), SwiftShader driver-5.0.0), GL_VERSION = 5.0.0, Sandboxed = yes, Optimus = no, AMD switchable = no, Reset notification strategy = 0x8252, ErrorMessage = BindToCurrentSequence failed: .
[2026-06-20T04:32:18.612Z] [error] THREE.WebGLRenderer: A WebGL context could not be created. Reason:  Could not create a WebGL context, VENDOR = 0xffff, DEVICE = 0xffff, GL_VENDOR = Google Inc. (Google), GL_RENDERER = ANGLE (Google, Vulkan 1.3.0 (SwiftShader Device (LLVM 10.0.0) (0x0000C0DE)), SwiftShader driver-5.0.0), GL_VERSION = 5.0.0, Sandboxed = yes, Optimus = no, AMD switchable = no, Reset notification strategy = 0x8252, ErrorMessage = BindToCurrentSequence failed: .
[2026-06-20T04:32:18.612Z] [error] THREE.WebGLRenderer: A WebGL context could not be created. Reason:  Could not create a WebGL context, VENDOR = 0xffff, DEVICE = 0xffff, GL_VENDOR = Google Inc. (Google), GL_RENDERER = ANGLE (Google, Vulkan 1.3.0 (SwiftShader Device (LLVM 10.0.0) (0x0000C0DE)), SwiftShader driver-5.0.0), GL_VERSION = 5.0.0, Sandboxed = yes, Optimus = no, AMD switchable = no, Reset notification strategy = 0x8252, ErrorMessage = BindToCurrentSequence failed: .
[2026-06-20T04:32:18.613Z] [error] THREE.WebGLRenderer: Error creating WebGL context.
[2026-06-20T04:32:18.618Z] [error] Failed to load resource: the server responded with a status of 404 (Not Found)
[2026-06-20T04:32:33.609Z] [error] Failed to load resource: the server responded with a status of 404 (Not Found)
[2026-06-20T04:32:33.612Z] [error] THREE.WebGLRenderer: A WebGL context could not be created. Reason:  Could not create a WebGL context, VENDOR = 0xffff, DEVICE = 0xffff, GL_VENDOR = Google Inc. (Google), GL_RENDERER = ANGLE (Google, Vulkan 1.3.0 (SwiftShader Device (LLVM 10.0.0) (0x0000C0DE)), SwiftShader driver-5.0.0), GL_VERSION = 5.0.0, Sandboxed = yes, Optimus = no, AMD switchable = no, Reset notification strategy = 0x8252, ErrorMessage = BindToCurrentSequence failed: .
[2026-06-20T04:32:33.612Z] [error] THREE.WebGLRenderer: A WebGL context could not be created. Reason:  Could not create a WebGL context, VENDOR = 0xffff, DEVICE = 0xffff, GL_VENDOR = Google Inc. (Google), GL_RENDERER = ANGLE (Google, Vulkan 1.3.0 (SwiftShader Device (LLVM 10.0.0) (0x0000C0DE)), SwiftShader driver-5.0.0), GL_VERSION = 5.0.0, Sandboxed = yes, Optimus = no, AMD switchable = no, Reset notification strategy = 0x8252, ErrorMessage = BindToCurrentSequence failed: .
[2026-06-20T04:32:33.612Z] [error] THREE.WebGLRenderer: A WebGL context could not be created. Reason:  Could not create a WebGL context, VENDOR = 0xffff, DEVICE = 0xffff, GL_VENDOR = Google Inc. (Google), GL_RENDERER = ANGLE (Google, Vulkan 1.3.0 (SwiftShader Device (LLVM 10.0.0) (0x0000C0DE)), SwiftShader driver-5.0.0), GL_VERSION = 5.0.0, Sandboxed = yes, Optimus = no, AMD switchable = no, Reset notification strategy = 0x8252, ErrorMessage = BindToCurrentSequence failed: .
[2026-06-20T04:32:33.613Z] [error] THREE.WebGLRenderer: A WebGL context could not be created. Reason:  Could not create a WebGL context, VENDOR = 0xffff, DEVICE = 0xffff, GL_VENDOR = Google Inc. (Google), GL_RENDERER = ANGLE (Google, Vulkan 1.3.0 (SwiftShader Device (LLVM 10.0.0) (0x0000C0DE)), SwiftShader driver-5.0.0), GL_VERSION = 5.0.0, Sandboxed = yes, Optimus = no, AMD switchable = no, Reset notification strategy = 0x8252, ErrorMessage = BindToCurrentSequence failed: .
[2026-06-20T04:32:33.614Z] [error] THREE.WebGLRenderer: A WebGL context could not be created. Reason:  Could not create a WebGL context, VENDOR = 0xffff, DEVICE = 0xffff, GL_VENDOR = Google Inc. (Google), GL_RENDERER = ANGLE (Google, Vulkan 1.3.0 (SwiftShader Device (LLVM 10.0.0) (0x0000C0DE)), SwiftShader driver-5.0.0), GL_VERSION = 5.0.0, Sandboxed = yes, Optimus = no, AMD switchable = no, Reset notification strategy = 0x8252, ErrorMessage = BindToCurrentSequence failed: .
[2026-06-20T04:32:33.614Z] [error] THREE.WebGLRenderer: A WebGL context could not be created. Reason:  Could not create a WebGL context, VENDOR = 0xffff, DEVICE = 0xffff, GL_VENDOR = Google Inc. (Google), GL_RENDERER = ANGLE (Google, Vulkan 1.3.0 (SwiftShader Device (LLVM 10.0.0) (0x0000C0DE)), SwiftShader driver-5.0.0), GL_VERSION = 5.0.0, Sandboxed = yes, Optimus = no, AMD switchable = no, Reset notification strategy = 0x8252, ErrorMessage = BindToCurrentSequence failed: .
[2026-06-20T04:32:33.614Z] [error] THREE.WebGLRenderer: A WebGL context could not be created. Reason:  Could not create a WebGL context, VENDOR = 0xffff, DEVICE = 0xffff, GL_VENDOR = Google Inc. (Google), GL_RENDERER = ANGLE (Google, Vulkan 1.3.0 (SwiftShader Device (LLVM 10.0.0) (0x0000C0DE)), SwiftShader driver-5.0.0), GL_VERSION = 5.0.0, Sandboxed = yes, Optimus = no, AMD switchable = no, Reset notification strategy = 0x8252, ErrorMessage = BindToCurrentSequence failed: .
[2026-06-20T04:32:33.615Z] [error] THREE.WebGLRenderer: A WebGL context could not be created. Reason:  Could not create a WebGL context, VENDOR = 0xffff, DEVICE = 0xffff, GL_VENDOR = Google Inc. (Google), GL_RENDERER = ANGLE (Google, Vulkan 1.3.0 (SwiftShader Device (LLVM 10.0.0) (0x0000C0DE)), SwiftShader driver-5.0.0), GL_VERSION = 5.0.0, Sandboxed = yes, Optimus = no, AMD switchable = no, Reset notification strategy = 0x8252, ErrorMessage = BindToCurrentSequence failed: .
[2026-06-20T04:32:33.615Z] [error] THREE.WebGLRenderer: Error creating WebGL context.
[2026-06-20T04:32:33.619Z] [error] Failed to load resource: the server responded with a status of 404 (Not Found)
[2026-06-20T04:32:48.597Z] [error] Failed to load resource: the server responded with a status of 404 (Not Found)
[2026-06-20T04:32:48.607Z] [error] Failed to load resource: the server responded with a status of 404 (Not Found)
[2026-06-20T04:32:48.608Z] [error] Failed to load resource: the server responded with a status of 404 (Not Found)
[2026-06-20T04:32:48.608Z] [error] Failed to load resource: the server responded with a status of 404 (Not Found)
[2026-06-20T04:32:48.611Z] [error] THREE.WebGLRenderer: A WebGL context could not be created. Reason:  Could not create a WebGL context, VENDOR = 0xffff, DEVICE = 0xffff, GL_VENDOR = Google Inc. (Google), GL_RENDERER = ANGLE (Google, Vulkan 1.3.0 (SwiftShader Device (LLVM 10.0.0) (0x0000C0DE)), SwiftShader driver-5.0.0), GL_VERSION = 5.0.0, Sandboxed = yes, Optimus = no, AMD switchable = no, Reset notification strategy = 0x8252, ErrorMessage = BindToCurrentSequence failed: .
[2026-06-20T04:32:48.611Z] [error] THREE.WebGLRenderer: A WebGL context could not be created. Reason:  Could not create a WebGL context, VENDOR = 0xffff, DEVICE = 0xffff, GL_VENDOR = Google Inc. (Google), GL_RENDERER = ANGLE (Google, Vulkan 1.3.0 (SwiftShader Device (LLVM 10.0.0) (0x0000C0DE)), SwiftShader driver-5.0.0), GL_VERSION = 5.0.0, Sandboxed = yes, Optimus = no, AMD switchable = no, Reset notification strategy = 0x8252, ErrorMessage = BindToCurrentSequence failed: .
[2026-06-20T04:32:48.611Z] [error] THREE.WebGLRenderer: A WebGL context could not be created. Reason:  Could not create a WebGL context, VENDOR = 0xffff, DEVICE = 0xffff, GL_VENDOR = Google Inc. (Google), GL_RENDERER = ANGLE (Google, Vulkan 1.3.0 (SwiftShader Device (LLVM 10.0.0) (0x0000C0DE)), SwiftShader driver-5.0.0), GL_VERSION = 5.0.0, Sandboxed = yes, Optimus = no, AMD switchable = no, Reset notification strategy = 0x8252, ErrorMessage = BindToCurrentSequence failed: .
[2026-06-20T04:32:48.611Z] [error] THREE.WebGLRenderer: A WebGL context could not be created. Reason:  Could not create a WebGL context, VENDOR = 0xffff, DEVICE = 0xffff, GL_VENDOR = Google Inc. (Google), GL_RENDERER = ANGLE (Google, Vulkan 1.3.0 (SwiftShader Device (LLVM 10.0.0) (0x0000C0DE)), SwiftShader driver-5.0.0), GL_VERSION = 5.0.0, Sandboxed = yes, Optimus = no, AMD switchable = no, Reset notification strategy = 0x8252, ErrorMessage = BindToCurrentSequence failed: .
[2026-06-20T04:32:48.612Z] [error] THREE.WebGLRenderer: A WebGL context could not be created. Reason:  Could not create a WebGL context, VENDOR = 0xffff, DEVICE = 0xffff, GL_VENDOR = Google Inc. (Google), GL_RENDERER = ANGLE (Google, Vulkan 1.3.0 (SwiftShader Device (LLVM 10.0.0) (0x0000C0DE)), SwiftShader driver-5.0.0), GL_VERSION = 5.0.0, Sandboxed = yes, Optimus = no, AMD switchable = no, Reset notification strategy = 0x8252, ErrorMessage = BindToCurrentSequence failed: .
[2026-06-20T04:32:48.612Z] [error] THREE.WebGLRenderer: A WebGL context could not be created. Reason:  Could not create a WebGL context, VENDOR = 0xffff, DEVICE = 0xffff, GL_VENDOR = Google Inc. (Google), GL_RENDERER = ANGLE (Google, Vulkan 1.3.0 (SwiftShader Device (LLVM 10.0.0) (0x0000C0DE)), SwiftShader driver-5.0.0), GL_VERSION = 5.0.0, Sandboxed = yes, Optimus = no, AMD switchable = no, Reset notification strategy = 0x8252, ErrorMessage = BindToCurrentSequence failed: .
[2026-06-20T04:32:48.613Z] [error] THREE.WebGLRenderer: A WebGL context could not be created. Reason:  Could not create a WebGL context, VENDOR = 0xffff, DEVICE = 0xffff, GL_VENDOR = Google Inc. (Google), GL_RENDERER = ANGLE (Google, Vulkan 1.3.0 (SwiftShader Device (LLVM 10.0.0) (0x0000C0DE)), SwiftShader driver-5.0.0), GL_VERSION = 5.0.0, Sandboxed = yes, Optimus = no, AMD switchable = no, Reset notification strategy = 0x8252, ErrorMessage = BindToCurrentSequence failed: .
[2026-06-20T04:32:48.613Z] [error] THREE.WebGLRenderer: A WebGL context could not be created. Reason:  Could not create a WebGL context, VENDOR = 0xffff, DEVICE = 0xffff, GL_VENDOR = Google Inc. (Google), GL_RENDERER = ANGLE (Google, Vulkan 1.3.0 (SwiftShader Device (LLVM 10.0.0) (0x0000C0DE)), SwiftShader driver-5.0.0), GL_VERSION = 5.0.0, Sandboxed = yes, Optimus = no, AMD switchable = no, Reset notification strategy = 0x8252, ErrorMessage = BindToCurrentSequence failed: .
[2026-06-20T04:32:48.613Z] [error] THREE.WebGLRenderer: A WebGL context could not be created. Reason:  Could not create a WebGL context, VENDOR = 0xffff, DEVICE = 0xffff, GL_VENDOR = Google Inc. (Google), GL_RENDERER = ANGLE (Google, Vulkan 1.3.0 (SwiftShader Device (LLVM 10.0.0) (0x0000C0DE)), SwiftShader driver-5.0.0), GL_VERSION = 5.0.0, Sandboxed = yes, Optimus = no, AMD switchable = no, Reset notification strategy = 0x8252, ErrorMessage = BindToCurrentSequence failed: .
[2026-06-20T04:32:48.614Z] [error] THREE.WebGLRenderer: A WebGL context could not be created. Reason:  Could not create a WebGL context, VENDOR = 0xffff, DEVICE = 0xffff, GL_VENDOR = Google Inc. (Google), GL_RENDERER = ANGLE (Google, Vulkan 1.3.0 (SwiftShader Device (LLVM 10.0.0) (0x0000C0DE)), SwiftShader driver-5.0.0), GL_VERSION = 5.0.0, Sandboxed = yes, Optimus = no, AMD switchable = no, Reset notification strategy = 0x8252, ErrorMessage = BindToCurrentSequence failed: .
[2026-06-20T04:32:48.614Z] [error] THREE.WebGLRenderer: Error creating WebGL context.
[2026-06-20T04:32:48.619Z] [error] Failed to load resource: the server responded with a status of 404 (Not Found)
[2026-06-20T04:32:53.779Z] [log] [Fast Refresh] rebuilding
[2026-06-20T04:32:53.974Z] [info] %cDownload the React DevTools for a better development experience: https://react.dev/link/react-devtools font-weight:bold
[2026-06-20T04:32:53.986Z] [log] [HMR] connected
[2026-06-20T04:32:53.994Z] [error] Encountered a script tag while rendering React component. Scripts inside React components are never executed when rendering on the client. Consider using template tag instead (https://developer.mozilla.org/en-US/docs/Web/HTML/Element/template).
[2026-06-20T04:32:54.028Z] [error] Failed to load resource: the server responded with a status of 404 (Not Found)
[2026-06-20T04:32:54.029Z] [error] Failed to load resource: the server responded with a status of 404 (Not Found)
[2026-06-20T04:32:54.029Z] [error] Failed to load resource: the server responded with a status of 404 (Not Found)
[2026-06-20T04:32:54.029Z] [error] Failed to load resource: the server responded with a status of 404 (Not Found)
[2026-06-20T04:32:56.214Z] [log] [Fast Refresh] rebuilding
[2026-06-20T04:32:56.364Z] [info] %cDownload the React DevTools for a better development experience: https://react.dev/link/react-devtools font-weight:bold
[2026-06-20T04:32:56.369Z] [log] [HMR] connected
[2026-06-20T04:32:56.379Z] [error] Encountered a script tag while rendering React component. Scripts inside React components are never executed when rendering on the client. Consider using template tag instead (https://developer.mozilla.org/en-US/docs/Web/HTML/Element/template).
[2026-06-20T04:32:56.421Z] [error] Failed to load resource: the server responded with a status of 404 (Not Found)
[2026-06-20T04:32:56.421Z] [error] Failed to load resource: the server responded with a status of 404 (Not Found)
[2026-06-20T04:32:56.421Z] [error] Failed to load resource: the server responded with a status of 404 (Not Found)
[2026-06-20T04:32:56.421Z] [error] Failed to load resource: the server responded with a status of 404 (Not Found)
[2026-06-20T04:32:56.422Z] [error] Failed to load resource: the server responded with a status of 404 (Not Found)
[2026-06-20T04:32:56.422Z] [error] Failed to load resource: the server responded with a status of 404 (Not Found)
[2026-06-20T04:32:56.472Z] [log] [Fast Refresh] rebuilding
[2026-06-20T04:32:56.496Z] [log] [Fast Refresh] done in 124ms
[2026-06-20T04:33:26.406Z] [error] Failed to load resource: the server responded with a status of 404 (Not Found)
[2026-06-20T04:33:49.445Z] [log] [Fast Refresh] rebuilding
[2026-06-20T04:33:49.449Z] [error] Failed to load resource: the server responded with a status of 404 (Not Found)
[2026-06-20T04:33:49.450Z] [error] Failed to load resource: the server responded with a status of 404 (Not Found)
[2026-06-20T04:33:49.450Z] [error] Failed to load resource: the server responded with a status of 404 (Not Found)
[2026-06-20T04:33:49.467Z] [log] [Fast Refresh] done in 42ms
[2026-06-20T04:33:55.571Z] [log] [Fast Refresh] rebuilding
[2026-06-20T04:33:55.575Z] [error] Failed to load resource: the server responded with a status of 404 (Not Found)
[2026-06-20T04:33:55.576Z] [error] Failed to load resource: the server responded with a status of 404 (Not Found)
[2026-06-20T04:33:55.576Z] [error] Failed to load resource: the server responded with a status of 404 (Not Found)
[2026-06-20T04:33:55.593Z] [log] [Fast Refresh] done in 40ms
[2026-06-20T04:34:25.579Z] [error] Failed to load resource: the server responded with a status of 404 (Not Found)
[2026-06-20T04:34:32.655Z] [info] %cDownload the React DevTools for a better development experience: https://react.dev/link/react-devtools font-weight:bold
[2026-06-20T04:34:32.669Z] [log] [HMR] connected
[2026-06-20T04:34:32.679Z] [error] Encountered a script tag while rendering React component. Scripts inside React components are never executed when rendering on the client. Consider using template tag instead (https://developer.mozilla.org/en-US/docs/Web/HTML/Element/template).
[2026-06-20T04:34:32.707Z] [error] Failed to load resource: the server responded with a status of 404 (Not Found)
[2026-06-20T04:34:32.708Z] [error] Failed to load resource: the server responded with a status of 404 (Not Found)
[2026-06-20T04:34:32.720Z] [error] Failed to load resource: the server responded with a status of 404 (Not Found)
[2026-06-20T04:34:32.721Z] [error] Failed to load resource: the server responded with a status of 404 (Not Found)
[2026-06-20T04:34:54.767Z] [info] %cDownload the React DevTools for a better development experience: https://react.dev/link/react-devtools font-weight:bold
[2026-06-20T04:34:54.769Z] [log] [HMR] connected
[2026-06-20T04:34:54.779Z] [error] Encountered a script tag while rendering React component. Scripts inside React components are never executed when rendering on the client. Consider using template tag instead (https://developer.mozilla.org/en-US/docs/Web/HTML/Element/template).
[2026-06-20T04:34:54.799Z] [error] Failed to load resource: the server responded with a status of 404 (Not Found)
[2026-06-20T04:34:54.799Z] [error] Failed to load resource: the server responded with a status of 404 (Not Found)
[2026-06-20T04:34:54.800Z] [error] Failed to load resource: the server responded with a status of 404 (Not Found)
[2026-06-20T04:34:54.800Z] [error] Failed to load resource: the server responded with a status of 404 (Not Found)
[2026-06-20T04:34:54.800Z] [error] Failed to load resource: the server responded with a status of 404 (Not Found)
[2026-06-20T04:34:54.800Z] [error] Failed to load resource: the server responded with a status of 404 (Not Found)
[2026-06-20T04:35:24.797Z] [error] Failed to load resource: the server responded with a status of 404 (Not Found)
[2026-06-20T04:35:28.851Z] [info] %cDownload the React DevTools for a better development experience: https://react.dev/link/react-devtools font-weight:bold
[2026-06-20T04:35:28.855Z] [log] [HMR] connected
[2026-06-20T04:35:28.873Z] [error] Encountered a script tag while rendering React component. Scripts inside React components are never executed when rendering on the client. Consider using template tag instead (https://developer.mozilla.org/en-US/docs/Web/HTML/Element/template).
[2026-06-20T04:35:28.910Z] [error] Failed to load resource: the server responded with a status of 404 (Not Found)
[2026-06-20T04:35:28.911Z] [error] Failed to load resource: the server responded with a status of 404 (Not Found)
[2026-06-20T04:35:28.919Z] [error] Failed to load resource: the server responded with a status of 404 (Not Found)
[2026-06-20T04:35:28.919Z] [error] Failed to load resource: the server responded with a status of 404 (Not Found)
[2026-06-20T04:35:28.919Z] [error] Failed to load resource: the server responded with a status of 404 (Not Found)
[2026-06-20T04:35:28.924Z] [error] Failed to load resource: the server responded with a status of 404 (Not Found)
[2026-06-20T04:35:28.924Z] [error] Failed to load resource: the server responded with a status of 404 (Not Found)
[2026-06-20T04:35:28.924Z] [error] Failed to load resource: the server responded with a status of 404 (Not Found)
[2026-06-20T04:35:28.936Z] [error] Failed to load resource: the server responded with a status of 404 (Not Found)
[2026-06-20T04:35:28.973Z] [log] [Fast Refresh] rebuilding
[2026-06-20T04:35:28.985Z] [log] [Fast Refresh] done in 112ms
[2026-06-20T04:35:29.272Z] [warning] THREE.Clock: This module has been deprecated. Please use THREE.Timer instead.
[2026-06-20T04:35:29.275Z] [error] THREE.WebGLRenderer: A WebGL context could not be created. Reason:  Could not create a WebGL context, VENDOR = 0xffff, DEVICE = 0xffff, GL_VENDOR = Google Inc. (Google), GL_RENDERER = ANGLE (Google, Vulkan 1.3.0 (SwiftShader Device (LLVM 10.0.0) (0x0000C0DE)), SwiftShader driver-5.0.0), GL_VERSION = 5.0.0, Sandboxed = yes, Optimus = no, AMD switchable = no, Reset notification strategy = 0x8252, ErrorMessage = BindToCurrentSequence failed: .
[2026-06-20T04:35:29.275Z] [error] THREE.WebGLRenderer: A WebGL context could not be created. Reason:  Could not create a WebGL context, VENDOR = 0xffff, DEVICE = 0xffff, GL_VENDOR = Google Inc. (Google), GL_RENDERER = ANGLE (Google, Vulkan 1.3.0 (SwiftShader Device (LLVM 10.0.0) (0x0000C0DE)), SwiftShader driver-5.0.0), GL_VERSION = 5.0.0, Sandboxed = yes, Optimus = no, AMD switchable = no, Reset notification strategy = 0x8252, ErrorMessage = BindToCurrentSequence failed: .
[2026-06-20T04:35:29.276Z] [error] THREE.WebGLRenderer: Error creating WebGL context.
[2026-06-20T04:35:43.906Z] [error] Failed to load resource: the server responded with a status of 404 (Not Found)
[2026-06-20T04:35:43.909Z] [error] THREE.WebGLRenderer: A WebGL context could not be created. Reason:  Could not create a WebGL context, VENDOR = 0xffff, DEVICE = 0xffff, GL_VENDOR = Google Inc. (Google), GL_RENDERER = ANGLE (Google, Vulkan 1.3.0 (SwiftShader Device (LLVM 10.0.0) (0x0000C0DE)), SwiftShader driver-5.0.0), GL_VERSION = 5.0.0, Sandboxed = yes, Optimus = no, AMD switchable = no, Reset notification strategy = 0x8252, ErrorMessage = BindToCurrentSequence failed: .
[2026-06-20T04:35:43.909Z] [error] THREE.WebGLRenderer: A WebGL context could not be created. Reason:  Could not create a WebGL context, VENDOR = 0xffff, DEVICE = 0xffff, GL_VENDOR = Google Inc. (Google), GL_RENDERER = ANGLE (Google, Vulkan 1.3.0 (SwiftShader Device (LLVM 10.0.0) (0x0000C0DE)), SwiftShader driver-5.0.0), GL_VERSION = 5.0.0, Sandboxed = yes, Optimus = no, AMD switchable = no, Reset notification strategy = 0x8252, ErrorMessage = BindToCurrentSequence failed: .
[2026-06-20T04:35:43.910Z] [error] THREE.WebGLRenderer: A WebGL context could not be created. Reason:  Could not create a WebGL context, VENDOR = 0xffff, DEVICE = 0xffff, GL_VENDOR = Google Inc. (Google), GL_RENDERER = ANGLE (Google, Vulkan 1.3.0 (SwiftShader Device (LLVM 10.0.0) (0x0000C0DE)), SwiftShader driver-5.0.0), GL_VERSION = 5.0.0, Sandboxed = yes, Optimus = no, AMD switchable = no, Reset notification strategy = 0x8252, ErrorMessage = BindToCurrentSequence failed: .
[2026-06-20T04:35:43.910Z] [error] THREE.WebGLRenderer: A WebGL context could not be created. Reason:  Could not create a WebGL context, VENDOR = 0xffff, DEVICE = 0xffff, GL_VENDOR = Google Inc. (Google), GL_RENDERER = ANGLE (Google, Vulkan 1.3.0 (SwiftShader Device (LLVM 10.0.0) (0x0000C0DE)), SwiftShader driver-5.0.0), GL_VERSION = 5.0.0, Sandboxed = yes, Optimus = no, AMD switchable = no, Reset notification strategy = 0x8252, ErrorMessage = BindToCurrentSequence failed: .
[2026-06-20T04:35:43.910Z] [error] THREE.WebGLRenderer: Error creating WebGL context.
[2026-06-20T04:35:43.922Z] [error] Failed to load resource: the server responded with a status of 404 (Not Found)
[2026-06-20T04:35:58.897Z] [error] Failed to load resource: the server responded with a status of 404 (Not Found)
[2026-06-20T04:35:58.906Z] [error] Failed to load resource: the server responded with a status of 404 (Not Found)
[2026-06-20T04:35:58.906Z] [error] Failed to load resource: the server responded with a status of 404 (Not Found)
[2026-06-20T04:35:58.908Z] [error] THREE.WebGLRenderer: A WebGL context could not be created. Reason:  Could not create a WebGL context, VENDOR = 0xffff, DEVICE = 0xffff, GL_VENDOR = Google Inc. (Google), GL_RENDERER = ANGLE (Google, Vulkan 1.3.0 (SwiftShader Device (LLVM 10.0.0) (0x0000C0DE)), SwiftShader driver-5.0.0), GL_VERSION = 5.0.0, Sandboxed = yes, Optimus = no, AMD switchable = no, Reset notification strategy = 0x8252, ErrorMessage = BindToCurrentSequence failed: .
[2026-06-20T04:35:58.909Z] [error] THREE.WebGLRenderer: A WebGL context could not be created. Reason:  Could not create a WebGL context, VENDOR = 0xffff, DEVICE = 0xffff, GL_VENDOR = Google Inc. (Google), GL_RENDERER = ANGLE (Google, Vulkan 1.3.0 (SwiftShader Device (LLVM 10.0.0) (0x0000C0DE)), SwiftShader driver-5.0.0), GL_VERSION = 5.0.0, Sandboxed = yes, Optimus = no, AMD switchable = no, Reset notification strategy = 0x8252, ErrorMessage = BindToCurrentSequence failed: .
[2026-06-20T04:35:58.909Z] [error] THREE.WebGLRenderer: A WebGL context could not be created. Reason:  Could not create a WebGL context, VENDOR = 0xffff, DEVICE = 0xffff, GL_VENDOR = Google Inc. (Google), GL_RENDERER = ANGLE (Google, Vulkan 1.3.0 (SwiftShader Device (LLVM 10.0.0) (0x0000C0DE)), SwiftShader driver-5.0.0), GL_VERSION = 5.0.0, Sandboxed = yes, Optimus = no, AMD switchable = no, Reset notification strategy = 0x8252, ErrorMessage = BindToCurrentSequence failed: .
[2026-06-20T04:35:58.910Z] [error] THREE.WebGLRenderer: A WebGL context could not be created. Reason:  Could not create a WebGL context, VENDOR = 0xffff, DEVICE = 0xffff, GL_VENDOR = Google Inc. (Google), GL_RENDERER = ANGLE (Google, Vulkan 1.3.0 (SwiftShader Device (LLVM 10.0.0) (0x0000C0DE)), SwiftShader driver-5.0.0), GL_VERSION = 5.0.0, Sandboxed = yes, Optimus = no, AMD switchable = no, Reset notification strategy = 0x8252, ErrorMessage = BindToCurrentSequence failed: .
[2026-06-20T04:35:58.911Z] [error] THREE.WebGLRenderer: A WebGL context could not be created. Reason:  Could not create a WebGL context, VENDOR = 0xffff, DEVICE = 0xffff, GL_VENDOR = Google Inc. (Google), GL_RENDERER = ANGLE (Google, Vulkan 1.3.0 (SwiftShader Device (LLVM 10.0.0) (0x0000C0DE)), SwiftShader driver-5.0.0), GL_VERSION = 5.0.0, Sandboxed = yes, Optimus = no, AMD switchable = no, Reset notification strategy = 0x8252, ErrorMessage = BindToCurrentSequence failed: .
[2026-06-20T04:35:58.911Z] [error] THREE.WebGLRenderer: A WebGL context could not be created. Reason:  Could not create a WebGL context, VENDOR = 0xffff, DEVICE = 0xffff, GL_VENDOR = Google Inc. (Google), GL_RENDERER = ANGLE (Google, Vulkan 1.3.0 (SwiftShader Device (LLVM 10.0.0) (0x0000C0DE)), SwiftShader driver-5.0.0), GL_VERSION = 5.0.0, Sandboxed = yes, Optimus = no, AMD switchable = no, Reset notification strategy = 0x8252, ErrorMessage = BindToCurrentSequence failed: .
[2026-06-20T04:35:58.911Z] [error] THREE.WebGLRenderer: Error creating WebGL context.
[2026-06-20T04:35:58.920Z] [error] Failed to load resource: the server responded with a status of 404 (Not Found)
[2026-06-20T04:36:08.320Z] [log] [Fast Refresh] rebuilding
[2026-06-20T04:36:08.468Z] [info] %cDownload the React DevTools for a better development experience: https://react.dev/link/react-devtools font-weight:bold
[2026-06-20T04:36:08.469Z] [log] [HMR] connected
[2026-06-20T04:36:08.487Z] [error] Encountered a script tag while rendering React component. Scripts inside React components are never executed when rendering on the client. Consider using template tag instead (https://developer.mozilla.org/en-US/docs/Web/HTML/Element/template).
[2026-06-20T04:36:08.527Z] [error] Failed to load resource: the server responded with a status of 404 (Not Found)
[2026-06-20T04:36:08.527Z] [error] Failed to load resource: the server responded with a status of 404 (Not Found)
[2026-06-20T04:36:08.527Z] [error] Failed to load resource: the server responded with a status of 404 (Not Found)
[2026-06-20T04:36:08.527Z] [error] Failed to load resource: the server responded with a status of 404 (Not Found)
[2026-06-20T04:36:08.533Z] [error] Failed to load resource: the server responded with a status of 404 (Not Found)
[2026-06-20T04:36:08.534Z] [error] Failed to load resource: the server responded with a status of 404 (Not Found)
[2026-06-20T04:36:08.541Z] [error] Failed to load resource: the server responded with a status of 404 (Not Found)
[2026-06-20T04:36:08.541Z] [error] Failed to load resource: the server responded with a status of 404 (Not Found)
[2026-06-20T04:36:08.541Z] [error] Failed to load resource: the server responded with a status of 404 (Not Found)
[2026-06-20T04:36:08.541Z] [error] Failed to load resource: the server responded with a status of 404 (Not Found)
[2026-06-20T04:36:08.541Z] [error] Failed to load resource: the server responded with a status of 404 (Not Found)
[2026-06-20T04:36:08.541Z] [error] Failed to load resource: the server responded with a status of 404 (Not Found)
[2026-06-20T04:36:08.541Z] [error] Failed to load resource: the server responded with a status of 404 (Not Found)
[2026-06-20T04:36:08.541Z] [error] Failed to load resource: the server responded with a status of 404 (Not Found)
[2026-06-20T04:36:08.541Z] [error] Failed to load resource: the server responded with a status of 404 (Not Found)
[2026-06-20T04:36:08.541Z] [error] Failed to load resource: the server responded with a status of 404 (Not Found)
[2026-06-20T04:36:08.541Z] [error] Failed to load resource: the server responded with a status of 404 (Not Found)
[2026-06-20T04:36:08.542Z] [error] Failed to load resource: the server responded with a status of 404 (Not Found)
[2026-06-20T04:36:08.542Z] [error] Failed to load resource: the server responded with a status of 404 (Not Found)
[2026-06-20T04:36:08.542Z] [error] Failed to load resource: the server responded with a status of 404 (Not Found)
[2026-06-20T04:36:08.542Z] [error] Failed to load resource: the server responded with a status of 404 (Not Found)
[2026-06-20T04:36:08.544Z] [error] Failed to load resource: the server responded with a status of 404 (Not Found)
[2026-06-20T04:36:08.544Z] [error] Failed to load resource: the server responded with a status of 404 (Not Found)
[2026-06-20T04:36:08.544Z] [error] Failed to load resource: the server responded with a status of 404 (Not Found)
[2026-06-20T04:36:10.714Z] [log] [Fast Refresh] rebuilding
[2026-06-20T04:36:10.841Z] [info] %cDownload the React DevTools for a better development experience: https://react.dev/link/react-devtools font-weight:bold
[2026-06-20T04:36:10.850Z] [log] [HMR] connected
[2026-06-20T04:36:10.858Z] [error] Encountered a script tag while rendering React component. Scripts inside React components are never executed when rendering on the client. Consider using template tag instead (https://developer.mozilla.org/en-US/docs/Web/HTML/Element/template).
[2026-06-20T04:36:10.898Z] [error] Failed to load resource: the server responded with a status of 404 (Not Found)
[2026-06-20T04:36:10.899Z] [error] Failed to load resource: the server responded with a status of 404 (Not Found)
[2026-06-20T04:36:10.899Z] [error] Failed to load resource: the server responded with a status of 404 (Not Found)
[2026-06-20T04:36:10.899Z] [error] Failed to load resource: the server responded with a status of 404 (Not Found)
[2026-06-20T04:36:10.899Z] [error] Failed to load resource: the server responded with a status of 404 (Not Found)
[2026-06-20T04:36:10.899Z] [error] Failed to load resource: the server responded with a status of 404 (Not Found)
[2026-06-20T04:36:10.899Z] [error] Failed to load resource: the server responded with a status of 404 (Not Found)
[2026-06-20T04:36:10.899Z] [error] Failed to load resource: the server responded with a status of 404 (Not Found)
[2026-06-20T04:36:11.045Z] [error] Failed to load resource: the server responded with a status of 404 ()
[2026-06-20T04:36:26.775Z] [info] %cDownload the React DevTools for a better development experience: https://react.dev/link/react-devtools font-weight:bold
[2026-06-20T04:36:26.777Z] [log] [HMR] connected
[2026-06-20T04:36:26.801Z] [error] Encountered a script tag while rendering React component. Scripts inside React components are never executed when rendering on the client. Consider using template tag instead (https://developer.mozilla.org/en-US/docs/Web/HTML/Element/template).
[2026-06-20T04:36:26.829Z] [error] Failed to load resource: the server responded with a status of 404 (Not Found)
[2026-06-20T04:36:26.829Z] [error] Failed to load resource: the server responded with a status of 404 (Not Found)
[2026-06-20T04:36:26.829Z] [error] Failed to load resource: the server responded with a status of 404 (Not Found)
[2026-06-20T04:36:26.829Z] [error] Failed to load resource: the server responded with a status of 404 (Not Found)
[2026-06-20T04:36:56.818Z] [error] Failed to load resource: the server responded with a status of 404 (Not Found)
[2026-06-20T04:37:26.820Z] [error] Failed to load resource: the server responded with a status of 404 (Not Found)
[2026-06-20T04:37:44.463Z] [error] Failed to load resource: the server responded with a status of 404 (Not Found)
[2026-06-20T04:37:44.466Z] [error] Failed to load resource: the server responded with a status of 404 (Not Found)
[2026-06-20T04:37:44.496Z] [info] %cDownload the React DevTools for a better development experience: https://react.dev/link/react-devtools font-weight:bold
[2026-06-20T04:37:44.498Z] [log] [HMR] connected
[2026-06-20T04:37:44.511Z] [error] Encountered a script tag while rendering React component. Scripts inside React components are never executed when rendering on the client. Consider using template tag instead (https://developer.mozilla.org/en-US/docs/Web/HTML/Element/template).
[2026-06-20T04:37:44.534Z] [error] Failed to load resource: the server responded with a status of 404 (Not Found)
[2026-06-20T04:37:44.534Z] [error] Failed to load resource: the server responded with a status of 404 (Not Found)
[2026-06-20T04:37:44.547Z] [error] Failed to load resource: the server responded with a status of 404 (Not Found)
[2026-06-20T04:37:44.547Z] [error] Failed to load resource: the server responded with a status of 404 (Not Found)
[2026-06-20T04:37:44.547Z] [error] Failed to load resource: the server responded with a status of 404 (Not Found)
[2026-06-20T04:37:44.547Z] [error] Failed to load resource: the server responded with a status of 404 (Not Found)
[2026-06-20T04:37:44.547Z] [error] Failed to load resource: the server responded with a status of 404 (Not Found)
[2026-06-20T04:37:44.547Z] [error] Failed to load resource: the server responded with a status of 404 (Not Found)
[2026-06-20T04:37:44.556Z] [error] Failed to load resource: the server responded with a status of 404 (Not Found)
[2026-06-20T04:37:44.900Z] [warning] THREE.Clock: This module has been deprecated. Please use THREE.Timer instead.
[2026-06-20T04:37:44.902Z] [error] THREE.WebGLRenderer: A WebGL context could not be created. Reason:  Could not create a WebGL context, VENDOR = 0xffff, DEVICE = 0xffff, GL_VENDOR = Google Inc. (Google), GL_RENDERER = ANGLE (Google, Vulkan 1.3.0 (SwiftShader Device (LLVM 10.0.0) (0x0000C0DE)), SwiftShader driver-5.0.0), GL_VERSION = 5.0.0, Sandboxed = yes, Optimus = no, AMD switchable = no, Reset notification strategy = 0x8252, ErrorMessage = BindToCurrentSequence failed: .
[2026-06-20T04:37:44.902Z] [error] THREE.WebGLRenderer: A WebGL context could not be created. Reason:  Could not create a WebGL context, VENDOR = 0xffff, DEVICE = 0xffff, GL_VENDOR = Google Inc. (Google), GL_RENDERER = ANGLE (Google, Vulkan 1.3.0 (SwiftShader Device (LLVM 10.0.0) (0x0000C0DE)), SwiftShader driver-5.0.0), GL_VERSION = 5.0.0, Sandboxed = yes, Optimus = no, AMD switchable = no, Reset notification strategy = 0x8252, ErrorMessage = BindToCurrentSequence failed: .
[2026-06-20T04:37:44.903Z] [error] THREE.WebGLRenderer: Error creating WebGL context.
[2026-06-20T04:37:47.533Z] [error] THREE.WebGLRenderer: A WebGL context could not be created. Reason:  Could not create a WebGL context, VENDOR = 0xffff, DEVICE = 0xffff, GL_VENDOR = Google Inc. (Google), GL_RENDERER = ANGLE (Google, Vulkan 1.3.0 (SwiftShader Device (LLVM 10.0.0) (0x0000C0DE)), SwiftShader driver-5.0.0), GL_VERSION = 5.0.0, Sandboxed = yes, Optimus = no, AMD switchable = no, Reset notification strategy = 0x8252, ErrorMessage = BindToCurrentSequence failed: .
[2026-06-20T04:37:47.534Z] [error] THREE.WebGLRenderer: A WebGL context could not be created. Reason:  Could not create a WebGL context, VENDOR = 0xffff, DEVICE = 0xffff, GL_VENDOR = Google Inc. (Google), GL_RENDERER = ANGLE (Google, Vulkan 1.3.0 (SwiftShader Device (LLVM 10.0.0) (0x0000C0DE)), SwiftShader driver-5.0.0), GL_VERSION = 5.0.0, Sandboxed = yes, Optimus = no, AMD switchable = no, Reset notification strategy = 0x8252, ErrorMessage = BindToCurrentSequence failed: .
[2026-06-20T04:37:47.536Z] [error] THREE.WebGLRenderer: A WebGL context could not be created. Reason:  Could not create a WebGL context, VENDOR = 0xffff, DEVICE = 0xffff, GL_VENDOR = Google Inc. (Google), GL_RENDERER = ANGLE (Google, Vulkan 1.3.0 (SwiftShader Device (LLVM 10.0.0) (0x0000C0DE)), SwiftShader driver-5.0.0), GL_VERSION = 5.0.0, Sandboxed = yes, Optimus = no, AMD switchable = no, Reset notification strategy = 0x8252, ErrorMessage = BindToCurrentSequence failed: .
[2026-06-20T04:37:47.536Z] [error] THREE.WebGLRenderer: A WebGL context could not be created. Reason:  Could not create a WebGL context, VENDOR = 0xffff, DEVICE = 0xffff, GL_VENDOR = Google Inc. (Google), GL_RENDERER = ANGLE (Google, Vulkan 1.3.0 (SwiftShader Device (LLVM 10.0.0) (0x0000C0DE)), SwiftShader driver-5.0.0), GL_VERSION = 5.0.0, Sandboxed = yes, Optimus = no, AMD switchable = no, Reset notification strategy = 0x8252, ErrorMessage = BindToCurrentSequence failed: .
[2026-06-20T04:37:47.537Z] [error] THREE.WebGLRenderer: Error creating WebGL context.
[2026-06-20T04:37:59.540Z] [error] Failed to load resource: the server responded with a status of 404 (Not Found)
[2026-06-20T04:37:59.543Z] [error] THREE.WebGLRenderer: A WebGL context could not be created. Reason:  Could not create a WebGL context, VENDOR = 0xffff, DEVICE = 0xffff, GL_VENDOR = Google Inc. (Google), GL_RENDERER = ANGLE (Google, Vulkan 1.3.0 (SwiftShader Device (LLVM 10.0.0) (0x0000C0DE)), SwiftShader driver-5.0.0), GL_VERSION = 5.0.0, Sandboxed = yes, Optimus = no, AMD switchable = no, Reset notification strategy = 0x8252, ErrorMessage = BindToCurrentSequence failed: .
[2026-06-20T04:37:59.543Z] [error] THREE.WebGLRenderer: A WebGL context could not be created. Reason:  Could not create a WebGL context, VENDOR = 0xffff, DEVICE = 0xffff, GL_VENDOR = Google Inc. (Google), GL_RENDERER = ANGLE (Google, Vulkan 1.3.0 (SwiftShader Device (LLVM 10.0.0) (0x0000C0DE)), SwiftShader driver-5.0.0), GL_VERSION = 5.0.0, Sandboxed = yes, Optimus = no, AMD switchable = no, Reset notification strategy = 0x8252, ErrorMessage = BindToCurrentSequence failed: .
[2026-06-20T04:37:59.544Z] [error] THREE.WebGLRenderer: A WebGL context could not be created. Reason:  Could not create a WebGL context, VENDOR = 0xffff, DEVICE = 0xffff, GL_VENDOR = Google Inc. (Google), GL_RENDERER = ANGLE (Google, Vulkan 1.3.0 (SwiftShader Device (LLVM 10.0.0) (0x0000C0DE)), SwiftShader driver-5.0.0), GL_VERSION = 5.0.0, Sandboxed = yes, Optimus = no, AMD switchable = no, Reset notification strategy = 0x8252, ErrorMessage = BindToCurrentSequence failed: .
[2026-06-20T04:37:59.544Z] [error] THREE.WebGLRenderer: A WebGL context could not be created. Reason:  Could not create a WebGL context, VENDOR = 0xffff, DEVICE = 0xffff, GL_VENDOR = Google Inc. (Google), GL_RENDERER = ANGLE (Google, Vulkan 1.3.0 (SwiftShader Device (LLVM 10.0.0) (0x0000C0DE)), SwiftShader driver-5.0.0), GL_VERSION = 5.0.0, Sandboxed = yes, Optimus = no, AMD switchable = no, Reset notification strategy = 0x8252, ErrorMessage = BindToCurrentSequence failed: .
[2026-06-20T04:37:59.545Z] [error] THREE.WebGLRenderer: A WebGL context could not be created. Reason:  Could not create a WebGL context, VENDOR = 0xffff, DEVICE = 0xffff, GL_VENDOR = Google Inc. (Google), GL_RENDERER = ANGLE (Google, Vulkan 1.3.0 (SwiftShader Device (LLVM 10.0.0) (0x0000C0DE)), SwiftShader driver-5.0.0), GL_VERSION = 5.0.0, Sandboxed = yes, Optimus = no, AMD switchable = no, Reset notification strategy = 0x8252, ErrorMessage = BindToCurrentSequence failed: .
[2026-06-20T04:37:59.545Z] [error] THREE.WebGLRenderer: A WebGL context could not be created. Reason:  Could not create a WebGL context, VENDOR = 0xffff, DEVICE = 0xffff, GL_VENDOR = Google Inc. (Google), GL_RENDERER = ANGLE (Google, Vulkan 1.3.0 (SwiftShader Device (LLVM 10.0.0) (0x0000C0DE)), SwiftShader driver-5.0.0), GL_VERSION = 5.0.0, Sandboxed = yes, Optimus = no, AMD switchable = no, Reset notification strategy = 0x8252, ErrorMessage = BindToCurrentSequence failed: .
[2026-06-20T04:37:59.546Z] [error] THREE.WebGLRenderer: Error creating WebGL context.
[2026-06-20T04:37:59.549Z] [error] Failed to load resource: the server responded with a status of 404 (Not Found)
[2026-06-20T04:38:14.525Z] [error] Failed to load resource: the server responded with a status of 404 (Not Found)
[2026-06-20T04:38:14.540Z] [error] Failed to load resource: the server responded with a status of 404 (Not Found)
[2026-06-20T04:38:14.540Z] [error] Failed to load resource: the server responded with a status of 404 (Not Found)
[2026-06-20T04:38:14.543Z] [error] THREE.WebGLRenderer: A WebGL context could not be created. Reason:  Could not create a WebGL context, VENDOR = 0xffff, DEVICE = 0xffff, GL_VENDOR = Google Inc. (Google), GL_RENDERER = ANGLE (Google, Vulkan 1.3.0 (SwiftShader Device (LLVM 10.0.0) (0x0000C0DE)), SwiftShader driver-5.0.0), GL_VERSION = 5.0.0, Sandboxed = yes, Optimus = no, AMD switchable = no, Reset notification strategy = 0x8252, ErrorMessage = BindToCurrentSequence failed: .
[2026-06-20T04:38:14.543Z] [error] THREE.WebGLRenderer: A WebGL context could not be created. Reason:  Could not create a WebGL context, VENDOR = 0xffff, DEVICE = 0xffff, GL_VENDOR = Google Inc. (Google), GL_RENDERER = ANGLE (Google, Vulkan 1.3.0 (SwiftShader Device (LLVM 10.0.0) (0x0000C0DE)), SwiftShader driver-5.0.0), GL_VERSION = 5.0.0, Sandboxed = yes, Optimus = no, AMD switchable = no, Reset notification strategy = 0x8252, ErrorMessage = BindToCurrentSequence failed: .
[2026-06-20T04:38:14.544Z] [error] THREE.WebGLRenderer: A WebGL context could not be created. Reason:  Could not create a WebGL context, VENDOR = 0xffff, DEVICE = 0xffff, GL_VENDOR = Google Inc. (Google), GL_RENDERER = ANGLE (Google, Vulkan 1.3.0 (SwiftShader Device (LLVM 10.0.0) (0x0000C0DE)), SwiftShader driver-5.0.0), GL_VERSION = 5.0.0, Sandboxed = yes, Optimus = no, AMD switchable = no, Reset notification strategy = 0x8252, ErrorMessage = BindToCurrentSequence failed: .
[2026-06-20T04:38:14.544Z] [error] THREE.WebGLRenderer: A WebGL context could not be created. Reason:  Could not create a WebGL context, VENDOR = 0xffff, DEVICE = 0xffff, GL_VENDOR = Google Inc. (Google), GL_RENDERER = ANGLE (Google, Vulkan 1.3.0 (SwiftShader Device (LLVM 10.0.0) (0x0000C0DE)), SwiftShader driver-5.0.0), GL_VERSION = 5.0.0, Sandboxed = yes, Optimus = no, AMD switchable = no, Reset notification strategy = 0x8252, ErrorMessage = BindToCurrentSequence failed: .
[2026-06-20T04:38:14.545Z] [error] THREE.WebGLRenderer: A WebGL context could not be created. Reason:  Could not create a WebGL context, VENDOR = 0xffff, DEVICE = 0xffff, GL_VENDOR = Google Inc. (Google), GL_RENDERER = ANGLE (Google, Vulkan 1.3.0 (SwiftShader Device (LLVM 10.0.0) (0x0000C0DE)), SwiftShader driver-5.0.0), GL_VERSION = 5.0.0, Sandboxed = yes, Optimus = no, AMD switchable = no, Reset notification strategy = 0x8252, ErrorMessage = BindToCurrentSequence failed: .
[2026-06-20T04:38:14.545Z] [error] THREE.WebGLRenderer: A WebGL context could not be created. Reason:  Could not create a WebGL context, VENDOR = 0xffff, DEVICE = 0xffff, GL_VENDOR = Google Inc. (Google), GL_RENDERER = ANGLE (Google, Vulkan 1.3.0 (SwiftShader Device (LLVM 10.0.0) (0x0000C0DE)), SwiftShader driver-5.0.0), GL_VERSION = 5.0.0, Sandboxed = yes, Optimus = no, AMD switchable = no, Reset notification strategy = 0x8252, ErrorMessage = BindToCurrentSequence failed: .
[2026-06-20T04:38:14.545Z] [error] THREE.WebGLRenderer: A WebGL context could not be created. Reason:  Could not create a WebGL context, VENDOR = 0xffff, DEVICE = 0xffff, GL_VENDOR = Google Inc. (Google), GL_RENDERER = ANGLE (Google, Vulkan 1.3.0 (SwiftShader Device (LLVM 10.0.0) (0x0000C0DE)), SwiftShader driver-5.0.0), GL_VERSION = 5.0.0, Sandboxed = yes, Optimus = no, AMD switchable = no, Reset notification strategy = 0x8252, ErrorMessage = BindToCurrentSequence failed: .
[2026-06-20T04:38:14.546Z] [error] THREE.WebGLRenderer: A WebGL context could not be created. Reason:  Could not create a WebGL context, VENDOR = 0xffff, DEVICE = 0xffff, GL_VENDOR = Google Inc. (Google), GL_RENDERER = ANGLE (Google, Vulkan 1.3.0 (SwiftShader Device (LLVM 10.0.0) (0x0000C0DE)), SwiftShader driver-5.0.0), GL_VERSION = 5.0.0, Sandboxed = yes, Optimus = no, AMD switchable = no, Reset notification strategy = 0x8252, ErrorMessage = BindToCurrentSequence failed: .
[2026-06-20T04:38:14.546Z] [error] THREE.WebGLRenderer: Error creating WebGL context.
[2026-06-20T04:38:14.549Z] [error] Failed to load resource: the server responded with a status of 404 (Not Found)
[2026-06-20T04:38:29.540Z] [error] Failed to load resource: the server responded with a status of 404 (Not Found)
[2026-06-20T04:38:29.543Z] [error] THREE.WebGLRenderer: A WebGL context could not be created. Reason:  Could not create a WebGL context, VENDOR = 0xffff, DEVICE = 0xffff, GL_VENDOR = Google Inc. (Google), GL_RENDERER = ANGLE (Google, Vulkan 1.3.0 (SwiftShader Device (LLVM 10.0.0) (0x0000C0DE)), SwiftShader driver-5.0.0), GL_VERSION = 5.0.0, Sandboxed = yes, Optimus = no, AMD switchable = no, Reset notification strategy = 0x8252, ErrorMessage = BindToCurrentSequence failed: .
[2026-06-20T04:38:29.543Z] [error] THREE.WebGLRenderer: A WebGL context could not be created. Reason:  Could not create a WebGL context, VENDOR = 0xffff, DEVICE = 0xffff, GL_VENDOR = Google Inc. (Google), GL_RENDERER = ANGLE (Google, Vulkan 1.3.0 (SwiftShader Device (LLVM 10.0.0) (0x0000C0DE)), SwiftShader driver-5.0.0), GL_VERSION = 5.0.0, Sandboxed = yes, Optimus = no, AMD switchable = no, Reset notification strategy = 0x8252, ErrorMessage = BindToCurrentSequence failed: .
[2026-06-20T04:38:29.543Z] [error] THREE.WebGLRenderer: A WebGL context could not be created. Reason:  Could not create a WebGL context, VENDOR = 0xffff, DEVICE = 0xffff, GL_VENDOR = Google Inc. (Google), GL_RENDERER = ANGLE (Google, Vulkan 1.3.0 (SwiftShader Device (LLVM 10.0.0) (0x0000C0DE)), SwiftShader driver-5.0.0), GL_VERSION = 5.0.0, Sandboxed = yes, Optimus = no, AMD switchable = no, Reset notification strategy = 0x8252, ErrorMessage = BindToCurrentSequence failed: .
[2026-06-20T04:38:29.544Z] [error] THREE.WebGLRenderer: A WebGL context could not be created. Reason:  Could not create a WebGL context, VENDOR = 0xffff, DEVICE = 0xffff, GL_VENDOR = Google Inc. (Google), GL_RENDERER = ANGLE (Google, Vulkan 1.3.0 (SwiftShader Device (LLVM 10.0.0) (0x0000C0DE)), SwiftShader driver-5.0.0), GL_VERSION = 5.0.0, Sandboxed = yes, Optimus = no, AMD switchable = no, Reset notification strategy = 0x8252, ErrorMessage = BindToCurrentSequence failed: .
[2026-06-20T04:38:29.544Z] [error] THREE.WebGLRenderer: A WebGL context could not be created. Reason:  Could not create a WebGL context, VENDOR = 0xffff, DEVICE = 0xffff, GL_VENDOR = Google Inc. (Google), GL_RENDERER = ANGLE (Google, Vulkan 1.3.0 (SwiftShader Device (LLVM 10.0.0) (0x0000C0DE)), SwiftShader driver-5.0.0), GL_VERSION = 5.0.0, Sandboxed = yes, Optimus = no, AMD switchable = no, Reset notification strategy = 0x8252, ErrorMessage = BindToCurrentSequence failed: .
[2026-06-20T04:38:29.545Z] [error] THREE.WebGLRenderer: A WebGL context could not be created. Reason:  Could not create a WebGL context, VENDOR = 0xffff, DEVICE = 0xffff, GL_VENDOR = Google Inc. (Google), GL_RENDERER = ANGLE (Google, Vulkan 1.3.0 (SwiftShader Device (LLVM 10.0.0) (0x0000C0DE)), SwiftShader driver-5.0.0), GL_VERSION = 5.0.0, Sandboxed = yes, Optimus = no, AMD switchable = no, Reset notification strategy = 0x8252, ErrorMessage = BindToCurrentSequence failed: .
[2026-06-20T04:38:29.545Z] [error] THREE.WebGLRenderer: A WebGL context could not be created. Reason:  Could not create a WebGL context, VENDOR = 0xffff, DEVICE = 0xffff, GL_VENDOR = Google Inc. (Google), GL_RENDERER = ANGLE (Google, Vulkan 1.3.0 (SwiftShader Device (LLVM 10.0.0) (0x0000C0DE)), SwiftShader driver-5.0.0), GL_VERSION = 5.0.0, Sandboxed = yes, Optimus = no, AMD switchable = no, Reset notification strategy = 0x8252, ErrorMessage = BindToCurrentSequence failed: .
[2026-06-20T04:38:29.545Z] [error] THREE.WebGLRenderer: A WebGL context could not be created. Reason:  Could not create a WebGL context, VENDOR = 0xffff, DEVICE = 0xffff, GL_VENDOR = Google Inc. (Google), GL_RENDERER = ANGLE (Google, Vulkan 1.3.0 (SwiftShader Device (LLVM 10.0.0) (0x0000C0DE)), SwiftShader driver-5.0.0), GL_VERSION = 5.0.0, Sandboxed = yes, Optimus = no, AMD switchable = no, Reset notification strategy = 0x8252, ErrorMessage = BindToCurrentSequence failed: .
[2026-06-20T04:38:29.546Z] [error] THREE.WebGLRenderer: A WebGL context could not be created. Reason:  Could not create a WebGL context, VENDOR = 0xffff, DEVICE = 0xffff, GL_VENDOR = Google Inc. (Google), GL_RENDERER = ANGLE (Google, Vulkan 1.3.0 (SwiftShader Device (LLVM 10.0.0) (0x0000C0DE)), SwiftShader driver-5.0.0), GL_VERSION = 5.0.0, Sandboxed = yes, Optimus = no, AMD switchable = no, Reset notification strategy = 0x8252, ErrorMessage = BindToCurrentSequence failed: .
[2026-06-20T04:38:29.546Z] [error] THREE.WebGLRenderer: A WebGL context could not be created. Reason:  Could not create a WebGL context, VENDOR = 0xffff, DEVICE = 0xffff, GL_VENDOR = Google Inc. (Google), GL_RENDERER = ANGLE (Google, Vulkan 1.3.0 (SwiftShader Device (LLVM 10.0.0) (0x0000C0DE)), SwiftShader driver-5.0.0), GL_VERSION = 5.0.0, Sandboxed = yes, Optimus = no, AMD switchable = no, Reset notification strategy = 0x8252, ErrorMessage = BindToCurrentSequence failed: .
[2026-06-20T04:38:29.546Z] [error] THREE.WebGLRenderer: Error creating WebGL context.
[2026-06-20T04:38:29.551Z] [error] Failed to load resource: the server responded with a status of 404 (Not Found)
[2026-06-20T04:38:39.231Z] [log] [Fast Refresh] rebuilding
[2026-06-20T04:38:39.259Z] [log] [Fast Refresh] done in 36ms
[2026-06-20T04:39:05.252Z] [error] WebSocket connection to 'ws://localhost:3100/_next/webpack-hmr?id=DPLZrMeDO0ce-fUjUq9Ey' failed: Error in connection establishment: net::ERR_CONNECTION_REFUSED
[2026-06-20T04:39:06.254Z] [error] WebSocket connection to 'ws://localhost:3100/_next/webpack-hmr?id=DPLZrMeDO0ce-fUjUq9Ey' failed: Error in connection establishment: net::ERR_CONNECTION_REFUSED
[2026-06-20T04:39:07.256Z] [error] WebSocket connection to 'ws://localhost:3100/_next/webpack-hmr?id=DPLZrMeDO0ce-fUjUq9Ey' failed: Error in connection establishment: net::ERR_CONNECTION_REFUSED
[2026-06-20T04:39:08.257Z] [error] WebSocket connection to 'ws://localhost:3100/_next/webpack-hmr?id=DPLZrMeDO0ce-fUjUq9Ey' failed: Error in connection establishment: net::ERR_CONNECTION_REFUSED
[2026-06-20T04:39:09.258Z] [error] WebSocket connection to 'ws://localhost:3100/_next/webpack-hmr?id=DPLZrMeDO0ce-fUjUq9Ey' failed: Error in connection establishment: net::ERR_CONNECTION_REFUSED
[2026-06-20T04:39:14.260Z] [error] WebSocket connection to 'ws://localhost:3100/_next/webpack-hmr?id=DPLZrMeDO0ce-fUjUq9Ey' failed: Error in connection establishment: net::ERR_CONNECTION_REFUSED
[2026-06-20T04:39:19.262Z] [error] WebSocket connection to 'ws://localhost:3100/_next/webpack-hmr?id=DPLZrMeDO0ce-fUjUq9Ey' failed: Error in connection establishment: net::ERR_CONNECTION_REFUSED
[2026-06-20T04:39:24.264Z] [error] WebSocket connection to 'ws://localhost:3100/_next/webpack-hmr?id=DPLZrMeDO0ce-fUjUq9Ey' failed: Error in connection establishment: net::ERR_CONNECTION_REFUSED
[2026-06-20T04:39:29.267Z] [error] WebSocket connection to 'ws://localhost:3100/_next/webpack-hmr?id=DPLZrMeDO0ce-fUjUq9Ey' failed: Error in connection establishment: net::ERR_CONNECTION_REFUSED
[2026-06-20T04:39:34.271Z] [error] WebSocket connection to 'ws://localhost:3100/_next/webpack-hmr?id=DPLZrMeDO0ce-fUjUq9Ey' failed: Error in connection establishment: net::ERR_CONNECTION_REFUSED
[2026-06-20T04:39:39.275Z] [error] WebSocket connection to 'ws://localhost:3100/_next/webpack-hmr?id=DPLZrMeDO0ce-fUjUq9Ey' failed: Error in connection establishment: net::ERR_CONNECTION_REFUSED
[2026-06-20T04:39:44.282Z] [error] WebSocket connection to 'ws://localhost:3100/_next/webpack-hmr?id=DPLZrMeDO0ce-fUjUq9Ey' failed: Error in connection establishment: net::ERR_CONNECTION_REFUSED
